<?xml version="1.0" encoding="UTF-8"?>
<testng-results skipped="0" failed="0" ignored="0" total="1" passed="1">
  <reporter-output>
  </reporter-output>
  <suite name="Default suite" duration-ms="10152" started-at="2020-09-13T01:52:02Z" finished-at="2020-09-13T01:52:12Z">
    <groups>
    </groups>
    <test name="Default test" duration-ms="10152" started-at="2020-09-13T01:52:02Z" finished-at="2020-09-13T01:52:12Z">
      <class name="testcases.GoogleDocTest">
        <test-method status="PASS" signature="SetUp()[pri:0, instance:testcases.GoogleDocTest@7ee955a8]" name="SetUp" is-config="true" duration-ms="6271" started-at="2020-09-12T21:52:02Z" finished-at="2020-09-12T21:52:08Z">
          <reporter-output>
          </reporter-output>
        </test-method> <!-- SetUp -->
        <test-method status="PASS" signature="selectRadioButton()[pri:0, instance:testcases.GoogleDocTest@7ee955a8]" name="selectRadioButton" duration-ms="3203" started-at="2020-09-12T21:52:08Z" finished-at="2020-09-12T21:52:12Z">
          <reporter-output>
          </reporter-output>
        </test-method> <!-- selectRadioButton -->
        <test-method status="PASS" signature="TearDown()[pri:0, instance:testcases.GoogleDocTest@7ee955a8]" name="TearDown" is-config="true" duration-ms="661" started-at="2020-09-12T21:52:12Z" finished-at="2020-09-12T21:52:12Z">
          <reporter-output>
          </reporter-output>
        </test-method> <!-- TearDown -->
      </class> <!-- testcases.GoogleDocTest -->
    </test> <!-- Default test -->
  </suite> <!-- Default suite -->
</testng-results>
